# JRE version: Java(TM) SE Runtime Environment (15.0.1+9) (build 15.0.1+9-18)
# Java VM: Java HotSpot(TM) 64-Bit Server VM (15.0.1+9-18, mixed mode, sharing, tiered, compressed oops, g1 gc, windows-amd64)
GC Precious Log:
 CPUs: 8 total, 8 available
 Memory: 14284M
 Large Page Support: Disabled
 NUMA Support: Disabled
 Compressed Oops: Enabled (Zero based)
 Heap Region Size: 2M
 Heap Min Capacity: 8M
 Heap Initial Capacity: 224M
 Heap Max Capacity: 3572M
 Pre-touch: Disabled
 Parallel Workers: 8
 Concurrent Workers: 2
 Concurrent Refinement Workers: 8
 Periodic GC: Disabled
Heap:
 garbage-first heap   total 96256K, used 35366K [0x0000000720c00000, 0x0000000800000000)
  region size 2048K, 1 young (2048K), 1 survivors (2048K)
 Metaspace       used 56890K, capacity 57788K, committed 58064K, reserved 1099776K
  class space    used 7692K, capacity 7989K, committed 8064K, reserved 1048576K
GC Heap History (20 events):
Event: 6.389 GC heap after
{Heap after GC invocations=10 (full 0):
 garbage-first heap   total 65536K, used 21191K [0x0000000720c00000, 0x0000000800000000)
  region size 2048K, 1 young (2048K), 1 survivors (2048K)
 Metaspace       used 35384K, capacity 35817K, committed 35920K, reserved 1081344K
  class space    used 4649K, capacity 4806K, committed 4864K, reserved 1048576K
}
Event: 6.931 GC heap before
{Heap before GC invocations=11 (full 0):
 garbage-first heap   total 65536K, used 43719K [0x0000000720c00000, 0x0000000800000000)
  region size 2048K, 12 young (24576K), 1 survivors (2048K)
 Metaspace       used 40091K, capacity 40522K, committed 40784K, reserved 1085440K
  class space    used 5367K, capacity 5518K, committed 5632K, reserved 1048576K
}
Event: 6.936 GC heap after
{Heap after GC invocations=12 (full 0):
 garbage-first heap   total 65536K, used 21934K [0x0000000720c00000, 0x0000000800000000)
  region size 2048K, 2 young (4096K), 2 survivors (4096K)
 Metaspace       used 40091K, capacity 40522K, committed 40784K, reserved 1085440K
  class space    used 5367K, capacity 5518K, committed 5632K, reserved 1048576K
}
Event: 7.633 GC heap before
{Heap before GC invocations=12 (full 0):
 garbage-first heap   total 65536K, used 44462K [0x0000000720c00000, 0x0000000800000000)
  region size 2048K, 13 young (26624K), 2 survivors (4096K)
 Metaspace       used 42815K, capacity 43342K, committed 43600K, reserved 1087488K
  class space    used 5707K, capacity 5879K, committed 5888K, reserved 1048576K
}
Event: 7.637 GC heap after
{Heap after GC invocations=13 (full 0):
 garbage-first heap   total 65536K, used 23876K [0x0000000720c00000, 0x0000000800000000)
  region size 2048K, 2 young (4096K), 2 survivors (4096K)
 Metaspace       used 42815K, capacity 43342K, committed 43600K, reserved 1087488K
  class space    used 5707K, capacity 5879K, committed 5888K, reserved 1048576K
}
Event: 8.088 GC heap before
{Heap before GC invocations=13 (full 0):
 garbage-first heap   total 65536K, used 46404K [0x0000000720c00000, 0x0000000800000000)
  region size 2048K, 13 young (26624K), 2 survivors (4096K)
 Metaspace       used 45407K, capacity 45952K, committed 46032K, reserved 1089536K
  class space    used 6062K, capacity 6236K, committed 6272K, reserved 1048576K
}
Event: 8.093 GC heap after
{Heap after GC invocations=14 (full 0):
 garbage-first heap   total 65536K, used 24955K [0x0000000720c00000, 0x0000000800000000)
  region size 2048K, 2 young (4096K), 2 survivors (4096K)
 Metaspace       used 45407K, capacity 45952K, committed 46032K, reserved 1089536K
  class space    used 6062K, capacity 6236K, committed 6272K, reserved 1048576K
}
Event: 8.437 GC heap before
{Heap before GC invocations=14 (full 0):
 garbage-first heap   total 65536K, used 47483K [0x0000000720c00000, 0x0000000800000000)
  region size 2048K, 13 young (26624K), 2 survivors (4096K)
 Metaspace       used 47142K, capacity 47655K, committed 47824K, reserved 1091584K
  class space    used 6246K, capacity 6436K, committed 6528K, reserved 1048576K
}
Event: 8.442 GC heap after
{Heap after GC invocations=15 (full 0):
 garbage-first heap   total 65536K, used 26209K [0x0000000720c00000, 0x0000000800000000)
  region size 2048K, 2 young (4096K), 2 survivors (4096K)
 Metaspace       used 47142K, capacity 47655K, committed 47824K, reserved 1091584K
  class space    used 6246K, capacity 6436K, committed 6528K, reserved 1048576K
}
Event: 8.991 GC heap before
{Heap before GC invocations=15 (full 0):
 garbage-first heap   total 65536K, used 46689K [0x0000000720c00000, 0x0000000800000000)
  region size 2048K, 12 young (24576K), 2 survivors (4096K)
 Metaspace       used 48671K, capacity 49215K, committed 49360K, reserved 1091584K
  class space    used 6506K, capacity 6698K, committed 6784K, reserved 1048576K
}
Event: 8.996 GC heap after
{Heap after GC invocations=16 (full 0):
 garbage-first heap   total 65536K, used 28605K [0x0000000720c00000, 0x0000000800000000)
  region size 2048K, 2 young (4096K), 2 survivors (4096K)
 Metaspace       used 48671K, capacity 49215K, committed 49360K, reserved 1091584K
  class space    used 6506K, capacity 6698K, committed 6784K, reserved 1048576K
}
Event: 9.549 GC heap before
{Heap before GC invocations=16 (full 0):
 garbage-first heap   total 65536K, used 49085K [0x0000000720c00000, 0x0000000800000000)
  region size 2048K, 12 young (24576K), 2 survivors (4096K)
 Metaspace       used 49973K, capacity 50626K, committed 50768K, reserved 1093632K
  class space    used 6686K, capacity 6883K, committed 6912K, reserved 1048576K
}
Event: 9.555 GC heap after
{Heap after GC invocations=17 (full 0):
 garbage-first heap   total 79872K, used 31153K [0x0000000720c00000, 0x0000000800000000)
  region size 2048K, 2 young (4096K), 2 survivors (4096K)
 Metaspace       used 49973K, capacity 50626K, committed 50768K, reserved 1093632K
  class space    used 6686K, capacity 6883K, committed 6912K, reserved 1048576K
}
Event: 10.249 GC heap before
{Heap before GC invocations=17 (full 0):
 garbage-first heap   total 79872K, used 59825K [0x0000000720c00000, 0x0000000800000000)
  region size 2048K, 16 young (32768K), 2 survivors (4096K)
 Metaspace       used 52583K, capacity 53234K, committed 53456K, reserved 1095680K
  class space    used 7016K, capacity 7216K, committed 7296K, reserved 1048576K
}
Event: 10.256 GC heap after
{Heap after GC invocations=18 (full 0):
 garbage-first heap   total 79872K, used 33762K [0x0000000720c00000, 0x0000000800000000)
  region size 2048K, 2 young (4096K), 2 survivors (4096K)
 Metaspace       used 52583K, capacity 53234K, committed 53456K, reserved 1095680K
  class space    used 7016K, capacity 7216K, committed 7296K, reserved 1048576K
}
Event: 10.724 GC heap before
{Heap before GC invocations=18 (full 0):
 garbage-first heap   total 79872K, used 60386K [0x0000000720c00000, 0x0000000800000000)
  region size 2048K, 15 young (30720K), 2 survivors (4096K)
 Metaspace       used 56010K, capacity 56734K, committed 56912K, reserved 1097728K
  class space    used 7621K, capacity 7850K, committed 7936K, reserved 1048576K
}
Event: 10.731 GC heap after
{Heap after GC invocations=19 (full 0):
 garbage-first heap   total 79872K, used 35621K [0x0000000720c00000, 0x0000000800000000)
  region size 2048K, 1 young (2048K), 1 survivors (2048K)
 Metaspace       used 56010K, capacity 56734K, committed 56912K, reserved 1097728K
  class space    used 7621K, capacity 7850K, committed 7936K, reserved 1048576K
}
Event: 11.132 GC heap before
{Heap before GC invocations=19 (full 0):
 garbage-first heap   total 79872K, used 60197K [0x0000000720c00000, 0x0000000800000000)
  region size 2048K, 13 young (26624K), 1 survivors (2048K)
 Metaspace       used 56667K, capacity 57521K, committed 57808K, reserved 1099776K
  class space    used 7692K, capacity 7989K, committed 8064K, reserved 1048576K
}
Event: 11.137 GC heap after
{Heap after GC invocations=20 (full 0):
 garbage-first heap   total 79872K, used 35317K [0x0000000720c00000, 0x0000000800000000)
  region size 2048K, 1 young (2048K), 1 survivors (2048K)
 Metaspace       used 56667K, capacity 57521K, committed 57808K, reserved 1099776K
  class space    used 7692K, capacity 7989K, committed 8064K, reserved 1048576K
}
Event: 11.374 GC heap before
{Heap before GC invocations=21 (full 0):
 garbage-first heap   total 79872K, used 61941K [0x0000000720c00000, 0x0000000800000000)
  region size 2048K, 14 young (28672K), 1 survivors (2048K)
 Metaspace       used 56890K, capacity 57788K, committed 58064K, reserved 1099776K
  class space    used 7692K, capacity 7989K, committed 8064K, reserved 1048576K
}

